<?xml version="1.0" encoding="UTF-8"?>
<testsuite xmlns:xsi="http://www.w3.org/2001/XMLSchema-instance" xsi:noNamespaceSchemaLocation="https://maven.apache.org/surefire/maven-surefire-plugin/xsd/surefire-test-report.xsd" name="edu.westga.comp4420.shopping_list.test.model.item.TestSetQuantity" time="0" tests="2" errors="0" skipped="0" failures="0">
  <properties>
[...]
</properties>
  <testcase name="testValidValue" classname="edu.westga.comp4420.shopping_list.test.model.item.TestSetQuantity" time="0"/>
  <testcase name="testNegativeValue" classname="edu.westga.comp4420.shopping_list.test.model.item.TestSetQuantity" time="0"/>
</testsuite>